<?xml version="1.0" encoding="UTF-8"?>
<!-- Generated by org.testng.reporters.JUnitXMLReporter -->
<testsuite hostname="LS_sudheerkumar_r" name="Create Account Test" tests="3" failures="0" timestamp="15 Apr 2015 03:12:32 GMT" time="47.229" errors="0">
  <testcase name="@BeforeMethod runBeforeMethod" time="0.0" classname="com.selenium.datafromexcel.modules.account.GlobalCreateAccount">
    <failure type="org.openqa.selenium.NoSuchElementException" message="Unable to find element with css selector == #bb_mid_content &amp;gt; p  (WARNING: The server did not provide any stacktrace information)
Command duration or timeout: 30.25 seconds
For documentation on this error, please visit: http://seleniumhq.org/exceptions/no_such_element.html
Build info: version: &amp;apos;2.44.0&amp;apos;, revision: &amp;apos;76d78cf&amp;apos;, time: &amp;apos;2014-10-23 20:03:00&amp;apos;
System info: host: &amp;apos;LS_sudheerkumar_r&amp;apos;, ip: &amp;apos;192.168.0.3&amp;apos;, os.name: &amp;apos;Windows 8&amp;apos;, os.arch: &amp;apos;x86&amp;apos;, os.version: &amp;apos;6.2&amp;apos;, java.version: &amp;apos;1.7.0_25&amp;apos;
Session ID: dda7559a-0bc3-455b-b3ac-36e6b43384dc
Driver info: org.openqa.selenium.ie.InternetExplorerDriver
Capabilities [{platform=WINDOWS, javascriptEnabled=true, elementScrollBehavior=0, ignoreZoomSetting=true, enablePersistentHover=true, ie.ensureCleanSession=false, browserName=internet explorer, enableElementCacheCleanup=true, unexpectedAlertBehaviour=dismiss, version=11, ie.usePerProcessProxy=false, ignoreProtectedModeSettings=true, cssSelectorsEnabled=true, requireWindowFocus=false, initialBrowserUrl=http://localhost:46705/, handlesAlerts=true, ie.forceCreateProcessApi=false, nativeEvents=true, browserAttachTimeout=0, ie.browserCommandLineSwitches=, takesScreenshot=true}]">
      <![CDATA[org.openqa.selenium.NoSuchElementException: Unable to find element with css selector == #bb_mid_content > p  (WARNING: The server did not provide any stacktrace information)
Command duration or timeout: 30.25 seconds
For documentation on this error, please visit: http://seleniumhq.org/exceptions/no_such_element.html
Build info: version: '2.44.0', revision: '76d78cf', time: '2014-10-23 20:03:00'
System info: host: 'LS_sudheerkumar_r', ip: '192.168.0.3', os.name: 'Windows 8', os.arch: 'x86', os.version: '6.2', java.version: '1.7.0_25'
Session ID: dda7559a-0bc3-455b-b3ac-36e6b43384dc
Driver info: org.openqa.selenium.ie.InternetExplorerDriver
Capabilities [{platform=WINDOWS, javascriptEnabled=true, elementScrollBehavior=0, ignoreZoomSetting=true, enablePersistentHover=true, ie.ensureCleanSession=false, browserName=internet explorer, enableElementCacheCleanup=true, unexpectedAlertBehaviour=dismiss, version=11, ie.usePerProcessProxy=false, ignoreProtectedModeSettings=true, cssSelectorsEnabled=true, requireWindowFocus=false, initialBrowserUrl=http://localhost:46705/, handlesAlerts=true, ie.forceCreateProcessApi=false, nativeEvents=true, browserAttachTimeout=0, ie.browserCommandLineSwitches=, takesScreenshot=true}]
	at org.openqa.selenium.remote.ErrorHandler.createThrowable(ErrorHandler.java:204)
	at org.openqa.selenium.remote.ErrorHandler.throwIfResponseFailed(ErrorHandler.java:156)
	at org.openqa.selenium.remote.RemoteWebDriver.execute(RemoteWebDriver.java:599)
	at org.openqa.selenium.remote.RemoteWebDriver.findElement(RemoteWebDriver.java:352)
	at org.openqa.selenium.remote.RemoteWebDriver.findElementByCssSelector(RemoteWebDriver.java:441)
	at org.openqa.selenium.By$ByCssSelector.findElement(By.java:426)
	at org.openqa.selenium.remote.RemoteWebDriver.findElement(RemoteWebDriver.java:344)
	at com.selenium.datafromexcel.modules.account.GlobalCreateAccount.runBeforeMethod(GlobalCreateAccount.java:66)
... Removed 30 stack frames]]>
    </failure>
  </testcase> <!-- @BeforeMethod runBeforeMethod -->
  <testcase name="@AfterMethod runAfterMethod" time="0.0" classname="com.selenium.datafromexcel.modules.account.GlobalCreateAccount">
    <skipped/>
  </testcase> <!-- @AfterMethod runAfterMethod -->
  <testcase name="@BeforeMethod runBeforeMethod" time="0.0" classname="com.selenium.datafromexcel.modules.account.GlobalCreateAccount">
    <skipped/>
  </testcase> <!-- @BeforeMethod runBeforeMethod -->
  <testcase name="@AfterMethod runAfterMethod" time="0.0" classname="com.selenium.datafromexcel.modules.account.GlobalCreateAccount">
    <skipped/>
  </testcase> <!-- @AfterMethod runAfterMethod -->
  <testcase name="@BeforeMethod runBeforeMethod" time="0.0" classname="com.selenium.datafromexcel.modules.account.GlobalCreateAccount">
    <skipped/>
  </testcase> <!-- @BeforeMethod runBeforeMethod -->
  <testcase name="@AfterMethod runAfterMethod" time="0.0" classname="com.selenium.datafromexcel.modules.account.GlobalCreateAccount">
    <skipped/>
  </testcase> <!-- @AfterMethod runAfterMethod -->
  <testcase name="@AfterTest releaseResources" time="0.0" classname="com.selenium.datafromexcel.modules.account.GlobalCreateAccount">
    <skipped/>
  </testcase> <!-- @AfterTest releaseResources -->
  <testcase name="createAccountValidCredentials" time="0.0" classname="com.selenium.datafromexcel.modules.account.GlobalCreateAccount">
    <skipped/>
  </testcase> <!-- createAccountValidCredentials -->
  <testcase name="createAccountValidCredentials" time="0.0" classname="com.selenium.datafromexcel.modules.account.GlobalCreateAccount">
    <skipped/>
  </testcase> <!-- createAccountValidCredentials -->
  <testcase name="createAccountValidCredentials" time="0.0" classname="com.selenium.datafromexcel.modules.account.GlobalCreateAccount">
    <skipped/>
  </testcase> <!-- createAccountValidCredentials -->
</testsuite> <!-- Create Account Test -->
