<html>
<head>
<title>TestNG:  Create Account Test</title>
<link href="../testng.css" rel="stylesheet" type="text/css" />
<link href="../my-testng.css" rel="stylesheet" type="text/css" />

<style type="text/css">
.log { display: none;} 
.stack-trace { display: none;} 
</style>
<script type="text/javascript">
<!--
function flip(e) {
  current = e.style.display;
  if (current == 'block') {
    e.style.display = 'none';
    return 0;
  }
  else {
    e.style.display = 'block';
    return 1;
  }
}

function toggleBox(szDivId, elem, msg1, msg2)
{
  var res = -1;  if (document.getElementById) {
    res = flip(document.getElementById(szDivId));
  }
  else if (document.all) {
    // this is the way old msie versions work
    res = flip(document.all[szDivId]);
  }
  if(elem) {
    if(res == 0) elem.innerHTML = msg1; else elem.innerHTML = msg2;
  }

}

function toggleAllBoxes() {
  if (document.getElementsByTagName) {
    d = document.getElementsByTagName('div');
    for (i = 0; i < d.length; i++) {
      if (d[i].className == 'log') {
        flip(d[i]);
      }
    }
  }
}

// -->
</script>

</head>
<body>
<h2 align='center'>Create Account Test</h2><table border='1' align="center">
<tr>
<td>Tests passed/Failed/Skipped:</td><td>0/0/3</td>
</tr><tr>
<td>Started on:</td><td>Wed Apr 15 08:41:45 IST 2015</td>
</tr>
<tr><td>Total time:</td><td>47 seconds (47229 ms)</td>
</tr><tr>
<td>Included groups:</td><td></td>
</tr><tr>
<td>Excluded groups:</td><td></td>
</tr>
</table><p/>
<small><i>(Hover the method name to see the test class name)</i></small><p/>
<table width='100%' border='1' class='invocation-failed'>
<tr><td colspan='4' align='center'><b>FAILED CONFIGURATIONS</b></td></tr>
<tr><td><b>Test method</b></td>
<td width="30%"><b>Exception</b></td>
<td width="10%"><b>Time (seconds)</b></td>
<td><b>Instance</b></td>
</tr>
<tr>
<td title='com.selenium.datafromexcel.modules.account.GlobalCreateAccount.runBeforeMethod()'><b>runBeforeMethod</b><br>Test class: com.selenium.datafromexcel.modules.account.GlobalCreateAccount</td>
<td><div><pre>org.openqa.selenium.NoSuchElementException: Unable to find element with css selector == #bb_mid_content &gt; p  (WARNING: The server did not provide any stacktrace information)
Command duration or timeout: 30.25 seconds
For documentation on this error, please visit: http://seleniumhq.org/exceptions/no_such_element.html
Build info: version: &apos;2.44.0&apos;, revision: &apos;76d78cf&apos;, time: &apos;2014-10-23 20:03:00&apos;
System info: host: &apos;LS_sudheerkumar_r&apos;, ip: &apos;192.168.0.3&apos;, os.name: &apos;Windows 8&apos;, os.arch: &apos;x86&apos;, os.version: &apos;6.2&apos;, java.version: &apos;1.7.0_25&apos;
Session ID: dda7559a-0bc3-455b-b3ac-36e6b43384dc
Driver info: org.openqa.selenium.ie.InternetExplorerDriver
Capabilities [{platform=WINDOWS, javascriptEnabled=true, elementScrollBehavior=0, ignoreZoomSetting=true, enablePersistentHover=true, ie.ensureCleanSession=false, browserName=internet explorer, enableElementCacheCleanup=true, unexpectedAlertBehaviour=dismiss, version=11, ie.usePerProcessProxy=false, ignoreProtectedModeSettings=true, cssSelectorsEnabled=true, requireWindowFocus=false, initialBrowserUrl=http://localhost:46705/, handlesAlerts=true, ie.forceCreateProcessApi=false, nativeEvents=true, browserAttachTimeout=0, ie.browserCommandLineSwitches=, takesScreenshot=true}]
	at org.openqa.selenium.remote.ErrorHandler.createThrowable(ErrorHandler.java:204)
	at org.openqa.selenium.remote.ErrorHandler.throwIfResponseFailed(ErrorHandler.java:156)
	at org.openqa.selenium.remote.RemoteWebDriver.execute(RemoteWebDriver.java:599)
	at org.openqa.selenium.remote.RemoteWebDriver.findElement(RemoteWebDriver.java:352)
	at org.openqa.selenium.remote.RemoteWebDriver.findElementByCssSelector(RemoteWebDriver.java:441)
	at org.openqa.selenium.By$ByCssSelector.findElement(By.java:426)
	at org.openqa.selenium.remote.RemoteWebDriver.findElement(RemoteWebDriver.java:344)
	at com.selenium.datafromexcel.modules.account.GlobalCreateAccount.runBeforeMethod(GlobalCreateAccount.java:66)
... Removed 30 stack frames</pre></div><a href='#' onClick='toggleBox("stack-trace20300487", this, "Click to show all stack frames", "Click to hide stack frames")'>Click to show all stack frames</a>
<div class='stack-trace' id='stack-trace20300487'><pre>org.openqa.selenium.NoSuchElementException: Unable to find element with css selector == #bb_mid_content &gt; p  (WARNING: The server did not provide any stacktrace information)
Command duration or timeout: 30.25 seconds
For documentation on this error, please visit: http://seleniumhq.org/exceptions/no_such_element.html
Build info: version: &apos;2.44.0&apos;, revision: &apos;76d78cf&apos;, time: &apos;2014-10-23 20:03:00&apos;
System info: host: &apos;LS_sudheerkumar_r&apos;, ip: &apos;192.168.0.3&apos;, os.name: &apos;Windows 8&apos;, os.arch: &apos;x86&apos;, os.version: &apos;6.2&apos;, java.version: &apos;1.7.0_25&apos;
Session ID: dda7559a-0bc3-455b-b3ac-36e6b43384dc
Driver info: org.openqa.selenium.ie.InternetExplorerDriver
Capabilities [{platform=WINDOWS, javascriptEnabled=true, elementScrollBehavior=0, ignoreZoomSetting=true, enablePersistentHover=true, ie.ensureCleanSession=false, browserName=internet explorer, enableElementCacheCleanup=true, unexpectedAlertBehaviour=dismiss, version=11, ie.usePerProcessProxy=false, ignoreProtectedModeSettings=true, cssSelectorsEnabled=true, requireWindowFocus=false, initialBrowserUrl=http://localhost:46705/, handlesAlerts=true, ie.forceCreateProcessApi=false, nativeEvents=true, browserAttachTimeout=0, ie.browserCommandLineSwitches=, takesScreenshot=true}]
	at sun.reflect.NativeConstructorAccessorImpl.newInstance0(Native Method)
	at sun.reflect.NativeConstructorAccessorImpl.newInstance(NativeConstructorAccessorImpl.java:57)
	at sun.reflect.DelegatingConstructorAccessorImpl.newInstance(DelegatingConstructorAccessorImpl.java:45)
	at java.lang.reflect.Constructor.newInstance(Constructor.java:526)
	at org.openqa.selenium.remote.ErrorHandler.createThrowable(ErrorHandler.java:204)
	at org.openqa.selenium.remote.ErrorHandler.throwIfResponseFailed(ErrorHandler.java:156)
	at org.openqa.selenium.remote.RemoteWebDriver.execute(RemoteWebDriver.java:599)
	at org.openqa.selenium.remote.RemoteWebDriver.findElement(RemoteWebDriver.java:352)
	at org.openqa.selenium.remote.RemoteWebDriver.findElementByCssSelector(RemoteWebDriver.java:441)
	at org.openqa.selenium.By$ByCssSelector.findElement(By.java:426)
	at org.openqa.selenium.remote.RemoteWebDriver.findElement(RemoteWebDriver.java:344)
	at com.selenium.datafromexcel.modules.account.GlobalCreateAccount.runBeforeMethod(GlobalCreateAccount.java:66)
	at sun.reflect.NativeMethodAccessorImpl.invoke0(Native Method)
	at sun.reflect.NativeMethodAccessorImpl.invoke(NativeMethodAccessorImpl.java:57)
	at sun.reflect.DelegatingMethodAccessorImpl.invoke(DelegatingMethodAccessorImpl.java:43)
	at java.lang.reflect.Method.invoke(Method.java:606)
	at org.testng.internal.MethodInvocationHelper.invokeMethod(MethodInvocationHelper.java:84)
	at org.testng.internal.Invoker.invokeConfigurationMethod(Invoker.java:564)
	at org.testng.internal.Invoker.invokeConfigurations(Invoker.java:213)
	at org.testng.internal.Invoker.invokeMethod(Invoker.java:653)
	at org.testng.internal.Invoker.invokeTestMethod(Invoker.java:901)
	at org.testng.internal.Invoker.invokeTestMethods(Invoker.java:1231)
	at org.testng.internal.TestMethodWorker.invokeTestMethods(TestMethodWorker.java:127)
	at org.testng.internal.TestMethodWorker.run(TestMethodWorker.java:111)
	at org.testng.TestRunner.privateRun(TestRunner.java:767)
	at org.testng.TestRunner.run(TestRunner.java:617)
	at org.testng.SuiteRunner.runTest(SuiteRunner.java:334)
	at org.testng.SuiteRunner.runSequentially(SuiteRunner.java:329)
	at org.testng.SuiteRunner.privateRun(SuiteRunner.java:291)
	at org.testng.SuiteRunner.run(SuiteRunner.java:240)
	at org.testng.SuiteRunnerWorker.runSuite(SuiteRunnerWorker.java:52)
	at org.testng.SuiteRunnerWorker.run(SuiteRunnerWorker.java:86)
	at org.testng.TestNG.runSuitesSequentially(TestNG.java:1224)
	at org.testng.TestNG.runSuitesSequentially(TestNG.java:1220)
	at org.testng.TestNG.runSuitesLocally(TestNG.java:1149)
	at org.testng.TestNG.run(TestNG.java:1057)
	at org.testng.TestNG.privateMain(TestNG.java:1364)
	at org.testng.TestNG.main(TestNG.java:1333)
</pre></div></td>
<td>0</td>
<td>com.selenium.datafromexcel.modules.account.GlobalCreateAccount@bb2f6e</td></tr>
</table><p>
<table width='100%' border='1' class='invocation-skipped'>
<tr><td colspan='4' align='center'><b>SKIPPED CONFIGURATIONS</b></td></tr>
<tr><td><b>Test method</b></td>
<td width="30%"><b>Exception</b></td>
<td width="10%"><b>Time (seconds)</b></td>
<td><b>Instance</b></td>
</tr>
<tr>
<td title='com.selenium.datafromexcel.modules.account.GlobalCreateAccount.runBeforeMethod()'><b>runBeforeMethod</b><br>Test class: com.selenium.datafromexcel.modules.account.GlobalCreateAccount</td>
<td></td>
<td>0</td>
<td>com.selenium.datafromexcel.modules.account.GlobalCreateAccount@bb2f6e</td></tr>
<tr>
<td title='com.selenium.datafromexcel.modules.account.GlobalCreateAccount.runBeforeMethod()'><b>runBeforeMethod</b><br>Test class: com.selenium.datafromexcel.modules.account.GlobalCreateAccount</td>
<td></td>
<td>0</td>
<td>com.selenium.datafromexcel.modules.account.GlobalCreateAccount@bb2f6e</td></tr>
<tr>
<td title='com.selenium.datafromexcel.modules.account.GlobalCreateAccount.runAfterMethod()'><b>runAfterMethod</b><br>Test class: com.selenium.datafromexcel.modules.account.GlobalCreateAccount</td>
<td></td>
<td>0</td>
<td>com.selenium.datafromexcel.modules.account.GlobalCreateAccount@bb2f6e</td></tr>
<tr>
<td title='com.selenium.datafromexcel.modules.account.GlobalCreateAccount.runAfterMethod()'><b>runAfterMethod</b><br>Test class: com.selenium.datafromexcel.modules.account.GlobalCreateAccount</td>
<td></td>
<td>0</td>
<td>com.selenium.datafromexcel.modules.account.GlobalCreateAccount@bb2f6e</td></tr>
<tr>
<td title='com.selenium.datafromexcel.modules.account.GlobalCreateAccount.runAfterMethod()'><b>runAfterMethod</b><br>Test class: com.selenium.datafromexcel.modules.account.GlobalCreateAccount</td>
<td></td>
<td>0</td>
<td>com.selenium.datafromexcel.modules.account.GlobalCreateAccount@bb2f6e</td></tr>
<tr>
<td title='com.selenium.datafromexcel.modules.account.GlobalCreateAccount.releaseResources()'><b>releaseResources</b><br>Test class: com.selenium.datafromexcel.modules.account.GlobalCreateAccount</td>
<td></td>
<td>0</td>
<td>null</td></tr>
</table><p>
<table width='100%' border='1' class='invocation-skipped'>
<tr><td colspan='4' align='center'><b>SKIPPED TESTS</b></td></tr>
<tr><td><b>Test method</b></td>
<td width="30%"><b>Exception</b></td>
<td width="10%"><b>Time (seconds)</b></td>
<td><b>Instance</b></td>
</tr>
<tr>
<td title='com.selenium.datafromexcel.modules.account.GlobalCreateAccount.createAccountValidCredentials()'><b>createAccountValidCredentials</b><br>Test class: com.selenium.datafromexcel.modules.account.GlobalCreateAccount<br>Parameters: Giri, Babu, Giri@target.com , Abcd1234</td>
<td></td>
<td>0</td>
<td>com.selenium.datafromexcel.modules.account.GlobalCreateAccount@bb2f6e</td></tr>
<tr>
<td title='com.selenium.datafromexcel.modules.account.GlobalCreateAccount.createAccountValidCredentials()'><b>createAccountValidCredentials</b><br>Test class: com.selenium.datafromexcel.modules.account.GlobalCreateAccount<br>Parameters: Venkat, venkat, venkat@target.com, Abcd1234</td>
<td></td>
<td>0</td>
<td>com.selenium.datafromexcel.modules.account.GlobalCreateAccount@bb2f6e</td></tr>
<tr>
<td title='com.selenium.datafromexcel.modules.account.GlobalCreateAccount.createAccountValidCredentials()'><b>createAccountValidCredentials</b><br>Test class: com.selenium.datafromexcel.modules.account.GlobalCreateAccount<br>Parameters: Sudheer, Kumar, sudheer@target.com, Abcd1234</td>
<td></td>
<td>0</td>
<td>com.selenium.datafromexcel.modules.account.GlobalCreateAccount@bb2f6e</td></tr>
</table><p>
</body>
</html>